20200930T202433 I Version : 2.0.8950
20200930T202433 I UTC offset : -6
20200930T202433 I Loading configuration from:C:/Users/Tommy/AppData/Local/Autodesk/webdeploy/production/4143a7d9c7cd58a0f86968fd3809be3e34945ca1/Fusion 360.server.config
20200930T202435 I SLM: device id = 5f5b675d-db2c-fe02-908d-67613a0bd83c
20200930T202435 I SLM: Initialized
20200930T202435 I fireApplicationActivate: 0
20200930T202435 I fireApplicationActivate: done
20200930T202435 I WorkflowTrackManager Initialized with:0 items
20200930T202435 I Disk capacity: 952,809MB Disk free: 261,292MB Percentage free: 27 UIThread: no Time: 0.00165s
20200930T202435 I AnalyticItemCounts Initialized with:0 items
20200930T202435 I 	searchAndLoad exec path: C:/Users/Tommy/AppData/Local/Autodesk/webdeploy/production/4143a7d9c7cd58a0f86968fd3809be3e34945ca1/Fusion360.exe
20200930T202435 I PROXY: WindowsProxyOptionId set to Automatic		ThreadID: 2028, Function: `anonymous-namespace'::logProxyOpIfChanged, Line: 920
20200930T202435 W PROXY: failed to query IE proxy configuration - The Proxy Auto-configuration URL was not found.

20200930T202435 I PROXY: proxy server set to DIRECT		ThreadID: 2028, Function: `anonymous-namespace'::logProxyUsedIfChanged, Line: 947
20200930T202437 I Request(https://ui-dls360.autodesk.com/fusion/version.txt) - workflow: attempt:0 status:200
20200930T202437 I Request(https://a360-statusdashboard.s3.amazonaws.com/autodesk_maintenance.json) - workflow:HTTPClient attempt:0 status:200
20200930T202437 I Request(https://ui-dls360.autodesk.com/fusion/maintenace_services.txt) - workflow:HTTPClient attempt:0 status:200
20200930T202438 I SYNHUB: Loading config files in directory C:/Users/Tommy/AppData/Roaming/Autodesk/Synergy

20200930T202438 I SYNHUB: Loading config file C:/Users/Tommy/AppData/Roaming/Autodesk/Synergy/NLauncher.syncfg

20200930T202440 I Load Feature Toggle Xml:C:/Users/Tommy/AppData/Local/Autodesk/webdeploy/production/4143a7d9c7cd58a0f86968fd3809be3e34945ca1/Fusion/Server/Fusion/Resources/FeatureToggle/FeatureToggle.xml
20200930T202440 I LaunchDarkly client initialization process is finished successfully!		ThreadID: 6404, Function: Ns::LDCSDKWrapper::initLDCallback, Line: 321
20200930T202440 I LD CSDK for type Global was initialized with a total time of 0.000004 seconds		ThreadID: 12064, Function: Ns::CSDKLDFeatureFlagsManager::getFlagValue, Line: 135
20200930T202441 I Load Feature Toggle Xml:C:/Users/Tommy/AppData/Local/Autodesk/webdeploy/production/4143a7d9c7cd58a0f86968fd3809be3e34945ca1/FusionDoc/Server/FusionDoc/Resources/FeatureToggle/FeatureToggle.xml
20200930T202442 I C:\Users\Tommy\AppData\Local\Autodesk\webdeploy\production\4143a7d9c7cd58a0f86968fd3809be3e34945ca1\Applications\Simulation\SimCommon10.dll		ThreadID: 3128, Function: DllMain, Line: 22
20200930T202442 I Process attach		ThreadID: 3128, Function: DllMain, Line: 23
20200930T202445 I C:\Users\Tommy\AppData\Local\Autodesk\webdeploy\production\4143a7d9c7cd58a0f86968fd3809be3e34945ca1\Applications\CAM360\SimIdealizations10.dll		ThreadID: 3128, Function: DllMain, Line: 16
20200930T202445 I Process attach		ThreadID: 3128, Function: DllMain, Line: 17
20200930T202453 I Toolbar loader: Stopping...
20200930T202453 I Toolbar loader: Stopped
20200930T202453 I ***startSession: BEGIN
20200930T202453 I the maintenance window is OFF
20200930T202453 I getEntitlement
20200930T202453 I authenticate:begin
20200930T202454 I login start
20200930T202454 I AnalyticItemCounts Terminating with:0 items
20200930T202454 I AnalyticItemCounts Initialized with:0 items
20200930T202454 I WorkflowTrackManager Terminating with:0 items
20200930T202454 I WorkflowTrackManager Initialized with:0 items
20200930T202454 I login end 0
20200930T202454 I Autosave background thread started with saveTime: 5
20200930T202454 I LaunchDarkly client initialization process is not finished successfully!		ThreadID: 12064, Function: Ns::LDCSDKWrapper::initLDCallback, Line: 325
20200930T202454 I LaunchDarkly client initialization process is finished successfully!		ThreadID: 6404, Function: Ns::LDCSDKWrapper::initLDCallback, Line: 321
20200930T202454 I LD CSDK for type Nonhub was initialized with a total time of 0.333190 seconds		ThreadID: 12064, Function: Ns::CSDKLDFeatureFlagsManager::getFlagValue, Line: 135
20200930T202454 I LD CSDK for type Nonhub was initialized with a total time of 0.000001 seconds		ThreadID: 12064, Function: Ns::CSDKLDFeatureFlagsManager::getFlagValue, Line: 135
20200930T202454 I Request(https://js.prd.fusionapi.autodesk.com/fusion360-runtime-config/config.json) - workflow:HTTPClient attempt:0 status:200
20200930T202454 I SLM: Enabled (Production)
20200930T202454 I SLM: Start session deviceId=5f5b675d-db2c-fe02-908d-67613a0bd83c deviceName=DESKTOP-OVO3LFL
20200930T202454 I Workflow start: SLM_startSession 1-5f753df5-fce20f8959b647b6b66e9235
20200930T202455 I Request(https://f360sc-p-ue1.api.cosv2-p-ue1-dn.autodesk.com/api/v1/sessions) - workflow:SLM_startSession attempt:0 status:200
20200930T202455 I SLM: session = 37906273
